<?xml version="1.0" encoding="UTF-8"?>
<testsuite name="ru.edu.javalearn.CalculatorAdditionTest" tests="3" skipped="0" failures="0" errors="0" timestamp="2018-08-04T12:17:02" hostname="iPod-MacBook-Pro.local" time="0.001">
  <properties/>
  <testcase name="shouldReturnMinus10WhenArgumentMinus7AndMinus3" classname="ru.edu.javalearn.CalculatorAdditionTest" time="0.0"/>
  <testcase name="shouldReturn4WhenArgument7AndMinus3" classname="ru.edu.javalearn.CalculatorAdditionTest" time="0.001"/>
  <testcase name="shouldReturn10WhenArgument7And3" classname="ru.edu.javalearn.CalculatorAdditionTest" time="0.0"/>
  <system-out><![CDATA[]]></system-out>
  <system-err><![CDATA[]]></system-err>
</testsuite>
