<?xml version="1.0" encoding="UTF-8"?>
<testsuite name="ru.edu.javalearn.CalculatorDivisionTest" tests="4" skipped="0" failures="0" errors="0" timestamp="2018-08-04T12:17:02" hostname="iPod-MacBook-Pro.local" time="0.002">
  <properties/>
  <testcase name="shouldReturn7WhenArgumentMinus21AndMinus3" classname="ru.edu.javalearn.CalculatorDivisionTest" time="0.0"/>
  <testcase name="shouldReturn7WhenArgument21And3" classname="ru.edu.javalearn.CalculatorDivisionTest" time="0.001"/>
  <testcase name="shouldReturnNullWhenArgumentMinus21And0" classname="ru.edu.javalearn.CalculatorDivisionTest" time="0.0"/>
  <testcase name="shouldReturnMinus7WhenArgument21AndMinus3" classname="ru.edu.javalearn.CalculatorDivisionTest" time="0.0"/>
  <system-out><![CDATA[На ноль делить нельзя!
Вычислить не удалось!
]]></system-out>
  <system-err><![CDATA[]]></system-err>
</testsuite>
