<?xml version="1.0" encoding="UTF-8"?>
<testsuite name="ru.edu.javalearn.CalculatorMultiplicationTest" tests="3" skipped="0" failures="0" errors="0" timestamp="2018-08-04T12:17:02" hostname="iPod-MacBook-Pro.local" time="0.002">
  <properties/>
  <testcase name="shouldReturnMinus21WhenArgument7AndMinus3" classname="ru.edu.javalearn.CalculatorMultiplicationTest" time="0.001"/>
  <testcase name="shouldReturn21WhenArgumentMinus7AndMinus3" classname="ru.edu.javalearn.CalculatorMultiplicationTest" time="0.001"/>
  <testcase name="shouldReturn21WhenArgument7And3" classname="ru.edu.javalearn.CalculatorMultiplicationTest" time="0.0"/>
  <system-out><![CDATA[]]></system-out>
  <system-err><![CDATA[]]></system-err>
</testsuite>
